[32mINFO[0m:     [16-11-2025 16:14:33] Anonymized telemetry enabled. See                     https://docs.trychroma.com/telemetry for more information.
[36mDEBUG[0m:    [16-11-2025 16:14:33] Starting component System
[36mDEBUG[0m:    [16-11-2025 16:14:33] Starting component OpenTelemetryClient
[36mDEBUG[0m:    [16-11-2025 16:14:33] Starting component SimpleAssignmentPolicy
[36mDEBUG[0m:    [16-11-2025 16:14:33] Starting component SqliteDB
[36mDEBUG[0m:    [16-11-2025 16:14:33] Starting component Posthog
[36mDEBUG[0m:    [16-11-2025 16:14:33] Starting component LocalSegmentManager
[36mDEBUG[0m:    [16-11-2025 16:14:33] Starting component SegmentAPI
[32mINFO[0m:     [16-11-2025 16:14:33] Started server process [[36m28244[0m]
[32mINFO[0m:     [16-11-2025 16:14:33] Waiting for application startup.
[32mINFO[0m:     [16-11-2025 16:14:33] Application startup complete.
[32mINFO[0m:     [16-11-2025 16:14:33] Uvicorn running on [1mhttp://localhost:5000[0m (Press CTRL+C to quit)
[32mINFO[0m:     [16-11-2025 16:14:40] ::1:65266 - "GET / HTTP/1.1" 404
[32mINFO[0m:     [16-11-2025 16:15:00] Shutting down
[32mINFO[0m:     [16-11-2025 16:15:01] Waiting for application shutdown.
[32mINFO[0m:     [16-11-2025 16:15:01] Application shutdown complete.
[32mINFO[0m:     [16-11-2025 16:15:01] Finished server process [[36m28244[0m]
[32mINFO[0m:     [16-11-2025 16:16:58] Anonymized telemetry enabled. See                     https://docs.trychroma.com/telemetry for more information.
[36mDEBUG[0m:    [16-11-2025 16:16:58] Starting component System
[36mDEBUG[0m:    [16-11-2025 16:16:58] Starting component OpenTelemetryClient
[36mDEBUG[0m:    [16-11-2025 16:16:58] Starting component SimpleAssignmentPolicy
[36mDEBUG[0m:    [16-11-2025 16:16:58] Starting component SqliteDB
[36mDEBUG[0m:    [16-11-2025 16:16:58] Starting component Posthog
[36mDEBUG[0m:    [16-11-2025 16:16:58] Starting component LocalSegmentManager
[36mDEBUG[0m:    [16-11-2025 16:16:58] Starting component SegmentAPI
[32mINFO[0m:     [16-11-2025 16:16:58] Started server process [[36m16532[0m]
[32mINFO[0m:     [16-11-2025 16:16:58] Waiting for application startup.
[32mINFO[0m:     [16-11-2025 16:16:58] Application startup complete.
[31mERROR[0m:    [16-11-2025 16:16:58] [Errno 10048] error while attempting to bind on address ('127.0.0.1', 8000): only one usage of each socket address (protocol/network address/port) is normally permitted
[32mINFO[0m:     [16-11-2025 16:16:58] Waiting for application shutdown.
[32mINFO[0m:     [16-11-2025 16:16:58] Application shutdown complete.
[32mINFO[0m:     [16-11-2025 16:17:07] Anonymized telemetry enabled. See                     https://docs.trychroma.com/telemetry for more information.
[36mDEBUG[0m:    [16-11-2025 16:17:07] Starting component System
[36mDEBUG[0m:    [16-11-2025 16:17:07] Starting component OpenTelemetryClient
[36mDEBUG[0m:    [16-11-2025 16:17:07] Starting component SimpleAssignmentPolicy
[36mDEBUG[0m:    [16-11-2025 16:17:07] Starting component SqliteDB
[36mDEBUG[0m:    [16-11-2025 16:17:07] Starting component Posthog
[36mDEBUG[0m:    [16-11-2025 16:17:07] Starting component LocalSegmentManager
[36mDEBUG[0m:    [16-11-2025 16:17:07] Starting component SegmentAPI
[32mINFO[0m:     [16-11-2025 16:17:07] Started server process [[36m28228[0m]
[32mINFO[0m:     [16-11-2025 16:17:07] Waiting for application startup.
[32mINFO[0m:     [16-11-2025 16:17:07] Application startup complete.
[32mINFO[0m:     [16-11-2025 16:17:07] Uvicorn running on [1mhttp://localhost:5000[0m (Press CTRL+C to quit)
[32mINFO[0m:     [16-11-2025 16:17:15] ::1:65356 - "GET / HTTP/1.1" 404
[32mINFO[0m:     [16-11-2025 16:17:16] ::1:65356 - "GET / HTTP/1.1" 404
[32mINFO[0m:     [16-11-2025 16:17:16] ::1:65356 - "GET / HTTP/1.1" 404
[32mINFO[0m:     [16-11-2025 16:30:05] Shutting down
[32mINFO[0m:     [16-11-2025 16:30:05] Waiting for application shutdown.
[32mINFO[0m:     [16-11-2025 16:30:05] Application shutdown complete.
[32mINFO[0m:     [16-11-2025 16:30:05] Finished server process [[36m28228[0m]
